0 1 0.425325 
0.404509 1 0.131433 
0 -1 0.850651 
0.404509 1 0.131433 
0.25 1 -0.344095 
0.809017 -1 0.262866 
0.25 1 -0.344095 
-0.25 1 -0.344095 
0.5 -1 -0.688191 
-0.25 1 -0.344095 
-0.404508 1 0.131433 
-0.5 -1 -0.688191 
-0.404508 1 0.131433 
0 1 0.425325 
-0.809017 -1 0.262866 
0.404509 1 0.131433 
0.809017 -1 0.262866 
0 -1 0.850651 
0.25 1 -0.344095 
0.5 -1 -0.688191 
0.809017 -1 0.262866 
-0.25 1 -0.344095 
-0.5 -1 -0.688191 
0.5 -1 -0.688191 
-0.404508 1 0.131433 
-0.809017 -1 0.262866 
-0.5 -1 -0.688191 
0 1 0.425325 
0 -1 0.850651 
-0.809017 -1 0.262866 
0.404509 1 0.131433 
0 1 0.425325 
0 1 0 
0.25 1 -0.344095 
0.404509 1 0.131433 
0 1 0 
-0.25 1 -0.344095 
0.25 1 -0.344095 
0 1 0 
-0.404508 1 0.131433 
-0.25 1 -0.344095 
0 1 0 
0 1 0.425325 
-0.404508 1 0.131433 
0 1 0 
0 -1 0 
0 -1 0.850651 
0.809017 -1 0.262866 
0 -1 0 
0.809017 -1 0.262866 
0.5 -1 -0.688191 
0 -1 0 
0.5 -1 -0.688191 
-0.5 -1 -0.688191 
0 -1 0 
-0.5 -1 -0.688191 
-0.809017 -1 0.262866 
0 -1 0 
-0.809017 -1 0.262866 
0 -1 0.850651 
